{"message":"Login succeeded for user jay.vachon","level":"info","service":"dfa-populi","timestamp":"2020-12-23 14:41:16"}
{"message":"Login succeeded for user jay.vachon","level":"info","service":"dfa-populi","timestamp":"2020-12-23 14:41:23"}
{"message":"[AUTO-EMAILER] No new leads were found.","level":"info","service":"dfa-populi","timestamp":"2021-01-19 13:52:54"}
{"message":"[AUTO-EMAILER] Cannot auto-email because the user is not logged in","level":"info","service":"dfa-populi","timestamp":"2021-01-19 13:54:00"}
{"message":"[AUTO-EMAILER] No new leads were found.","level":"info","service":"dfa-populi","timestamp":"2021-01-19 13:54:00"}
{"message":"[AUTO-EMAILER] No new leads were found.","level":"info","service":"dfa-populi","timestamp":"2021-01-19 13:54:29"}
{"message":"[AUTO-EMAILER] No new leads were found.","level":"info","service":"dfa-populi","timestamp":"2021-01-19 13:55:01"}
{"message":"[AUTO-EMAILER] No new leads were found.","level":"info","service":"dfa-populi","timestamp":"2021-01-19 13:56:02"}
{"message":"[AUTO-EMAILER] No new leads were found.","level":"info","service":"dfa-populi","timestamp":"2021-01-19 13:57:01"}
{"message":"[AUTO-EMAILER] No new leads were found.","level":"info","service":"dfa-populi","timestamp":"2021-01-19 13:58:01"}
{"message":"[AUTO-EMAILER] No new leads were found.","level":"info","service":"dfa-populi","timestamp":"2021-01-19 13:59:01"}
{"message":"[AUTO-EMAILER] Cannot auto-email because the user is not logged in","level":"info","service":"dfa-populi","timestamp":"2021-01-19 15:00:00"}
{"message":"[AUTO-EMAILER] No new leads were found.","level":"info","service":"dfa-populi","timestamp":"2021-01-19 15:00:01"}
{"message":"[AUTO-EMAILER] No new leads were found.","level":"info","service":"dfa-populi","timestamp":"2021-01-19 18:00:03"}
{"message":"[AUTO-EMAILER] No new leads were found.","level":"info","service":"dfa-populi","timestamp":"2021-01-19 21:00:02"}
{"message":"[AUTO-EMAILER] No new leads were found.","level":"info","service":"dfa-populi","timestamp":"2021-01-20 00:00:03"}
{"message":"[AUTO-EMAILER] No new leads were found.","level":"info","service":"dfa-populi","timestamp":"2021-01-20 15:00:03"}
{"message":"[AUTO-EMAILER] Added the following leads: {\n    \"initial\": [\n        {\n            \"id\": \"17725d98c7f4678c\",\n            \"content\": {\n                \"firstName\": \"Mark\",\n                \"lastName\": \"Do\",\n                \"email\": \"mdo@meritize.com\",\n                \"phone\": \"4694328549\",\n                \"studentType\": \"\",\n                \"message\": \"\"\n            }\n        }\n    ],\n    \"repeat\": []\n}","level":"info","service":"dfa-populi","timestamp":"2021-01-21 12:00:02"}
{"message":"[AUTO-EMAILER] Cannot auto-email because the user is not logged in","level":"info","service":"dfa-populi","timestamp":"2021-01-21 15:00:00"}
{"message":"[AUTO-EMAILER] No new leads were found.","level":"info","service":"dfa-populi","timestamp":"2021-01-21 15:00:01"}
{"message":"[AUTO-EMAILER] Cannot auto-email because the user is not logged in","level":"info","service":"dfa-populi","timestamp":"2021-01-21 18:00:00"}
{"message":"[AUTO-EMAILER] No new leads were found.","level":"info","service":"dfa-populi","timestamp":"2021-01-21 18:00:01"}
{"message":"[AUTO-EMAILER] Cannot auto-email because the user is not logged in","level":"info","service":"dfa-populi","timestamp":"2021-01-22 00:00:00"}
{"message":"[AUTO-EMAILER] No new leads were found.","level":"info","service":"dfa-populi","timestamp":"2021-01-22 00:00:01"}
{"message":"[AUTO-EMAILER] Cannot auto-email because the user is not logged in","level":"info","service":"dfa-populi","timestamp":"2021-01-22 21:00:00"}
{"message":"[AUTO-EMAILER] No new leads were found.","level":"info","service":"dfa-populi","timestamp":"2021-01-22 21:00:01"}
{"message":"[AUTO-EMAILER] Cannot auto-email because the user is not logged in","level":"info","service":"dfa-populi","timestamp":"2021-01-23 18:00:00"}
{"message":"[AUTO-EMAILER] No new leads were found.","level":"info","service":"dfa-populi","timestamp":"2021-01-23 18:00:01"}
{"message":"[AUTO-EMAILER] Cannot auto-email because the user is not logged in","level":"info","service":"dfa-populi","timestamp":"2021-01-23 21:00:00"}
{"message":"[AUTO-EMAILER] No new leads were found.","level":"info","service":"dfa-populi","timestamp":"2021-01-23 21:00:01"}
{"message":"[AUTO-EMAILER] Cannot auto-email because the user is not logged in","level":"info","service":"dfa-populi","timestamp":"2021-01-24 00:00:00"}
{"message":"[AUTO-EMAILER] No new leads were found.","level":"info","service":"dfa-populi","timestamp":"2021-01-24 00:00:01"}
{"message":"[AUTO-EMAILER] Cannot auto-email because the user is not logged in","level":"info","service":"dfa-populi","timestamp":"2021-01-24 18:00:00"}
{"message":"[AUTO-EMAILER] No new leads were found.","level":"info","service":"dfa-populi","timestamp":"2021-01-24 18:00:01"}
{"message":"[AUTO-EMAILER] Cannot auto-email because the user is not logged in","level":"info","service":"dfa-populi","timestamp":"2021-01-24 21:00:00"}
{"message":"[AUTO-EMAILER] No new leads were found.","level":"info","service":"dfa-populi","timestamp":"2021-01-24 21:00:01"}
{"message":"[AUTO-EMAILER] Cannot auto-email because the user is not logged in","level":"info","service":"dfa-populi","timestamp":"2021-01-25 00:00:00"}
{"message":"[AUTO-EMAILER] No new leads were found.","level":"info","service":"dfa-populi","timestamp":"2021-01-25 00:00:01"}
{"message":"[AUTO-EMAILER] Cannot auto-email because the user is not logged in","level":"info","service":"dfa-populi","timestamp":"2021-01-25 12:00:00"}
{"message":"[AUTO-EMAILER] No new leads were found.","level":"info","service":"dfa-populi","timestamp":"2021-01-25 12:00:02"}
{"message":"[AUTO-EMAILER] No new leads were found.","level":"info","service":"dfa-populi","timestamp":"2021-01-25 15:00:04"}
{"message":"[AUTO-EMAILER] Cannot auto-email because the user is not logged in","level":"info","service":"dfa-populi","timestamp":"2021-01-26 15:00:00"}
{"message":"[AUTO-EMAILER] No new leads were found.","level":"info","service":"dfa-populi","timestamp":"2021-01-26 15:00:01"}
{"message":"[AUTO-EMAILER] Cannot auto-email because the user is not logged in","level":"info","service":"dfa-populi","timestamp":"2021-01-26 18:00:00"}
{"message":"[AUTO-EMAILER] No new leads were found.","level":"info","service":"dfa-populi","timestamp":"2021-01-26 18:00:01"}
{"message":"[AUTO-EMAILER] Cannot auto-email because the user is not logged in","level":"info","service":"dfa-populi","timestamp":"2021-01-26 21:00:00"}
{"message":"[AUTO-EMAILER] No new leads were found.","level":"info","service":"dfa-populi","timestamp":"2021-01-26 21:00:01"}
{"message":"[AUTO-EMAILER] Cannot auto-email because the user is not logged in","level":"info","service":"dfa-populi","timestamp":"2021-01-27 00:00:00"}
{"message":"[AUTO-EMAILER] No new leads were found.","level":"info","service":"dfa-populi","timestamp":"2021-01-27 00:00:01"}
{"message":"[AUTO-EMAILER] Cannot auto-email because the user is not logged in","level":"info","service":"dfa-populi","timestamp":"2021-01-27 06:00:00"}
{"message":"[AUTO-EMAILER] No new leads were found.","level":"info","service":"dfa-populi","timestamp":"2021-01-27 06:00:01"}
{"message":"[AUTO-EMAILER] Cannot auto-email because the user is not logged in","level":"info","service":"dfa-populi","timestamp":"2021-01-27 09:00:00"}
{"message":"[AUTO-EMAILER] No new leads were found.","level":"info","service":"dfa-populi","timestamp":"2021-01-27 09:00:01"}
{"message":"[AUTO-EMAILER] Cannot auto-email because the user is not logged in","level":"info","service":"dfa-populi","timestamp":"2021-01-27 15:00:00"}
{"message":"[AUTO-EMAILER] No new leads were found.","level":"info","service":"dfa-populi","timestamp":"2021-01-27 15:00:01"}
{"message":"[AUTO-EMAILER] Cannot auto-email because the user is not logged in","level":"info","service":"dfa-populi","timestamp":"2021-01-28 12:00:00"}
{"message":"[AUTO-EMAILER] No new leads were found.","level":"info","service":"dfa-populi","timestamp":"2021-01-28 12:00:01"}
{"message":"[AUTO-EMAILER] Cannot auto-email because the user is not logged in","level":"info","service":"dfa-populi","timestamp":"2021-01-28 15:00:00"}
{"message":"[AUTO-EMAILER] No new leads were found.","level":"info","service":"dfa-populi","timestamp":"2021-01-28 15:00:01"}
{"message":"[AUTO-EMAILER] Cannot auto-email because the user is not logged in","level":"info","service":"dfa-populi","timestamp":"2021-01-28 18:00:00"}
{"message":"[AUTO-EMAILER] No new leads were found.","level":"info","service":"dfa-populi","timestamp":"2021-01-28 18:00:01"}
{"message":"[AUTO-EMAILER] Cannot auto-email because the user is not logged in","level":"info","service":"dfa-populi","timestamp":"2021-01-29 00:00:00"}
{"message":"[AUTO-EMAILER] No new leads were found.","level":"info","service":"dfa-populi","timestamp":"2021-01-29 00:00:01"}
{"message":"[AUTO-EMAILER] Cannot auto-email because the user is not logged in","level":"info","service":"dfa-populi","timestamp":"2021-01-29 06:00:00"}
{"message":"[AUTO-EMAILER] No new leads were found.","level":"info","service":"dfa-populi","timestamp":"2021-01-29 06:00:02"}
{"message":"[AUTO-EMAILER] Cannot auto-email because the user is not logged in","level":"info","service":"dfa-populi","timestamp":"2021-01-29 12:00:00"}
{"message":"[AUTO-EMAILER] No new leads were found.","level":"info","service":"dfa-populi","timestamp":"2021-01-29 12:00:01"}
{"message":"[AUTO-EMAILER] Cannot auto-email because the user is not logged in","level":"info","service":"dfa-populi","timestamp":"2021-01-29 15:00:00"}
{"message":"[AUTO-EMAILER] No new leads were found.","level":"info","service":"dfa-populi","timestamp":"2021-01-29 15:00:02"}
{"message":"[AUTO-EMAILER] Cannot auto-email because the user is not logged in","level":"info","service":"dfa-populi","timestamp":"2021-01-30 00:00:00"}
{"message":"[AUTO-EMAILER] No new leads were found.","level":"info","service":"dfa-populi","timestamp":"2021-01-30 00:00:01"}
{"message":"[AUTO-EMAILER] Cannot auto-email because the user is not logged in","level":"info","service":"dfa-populi","timestamp":"2021-01-30 15:00:00"}
{"message":"[AUTO-EMAILER] No new leads were found.","level":"info","service":"dfa-populi","timestamp":"2021-01-30 15:00:01"}
{"message":"[AUTO-EMAILER] Cannot auto-email because the user is not logged in","level":"info","service":"dfa-populi","timestamp":"2021-01-30 18:00:00"}
{"message":"[AUTO-EMAILER] No new leads were found.","level":"info","service":"dfa-populi","timestamp":"2021-01-30 18:00:01"}
{"message":"[AUTO-EMAILER] Cannot auto-email because the user is not logged in","level":"info","service":"dfa-populi","timestamp":"2021-01-31 00:00:00"}
{"message":"[AUTO-EMAILER] No new leads were found.","level":"info","service":"dfa-populi","timestamp":"2021-01-31 00:00:01"}
{"message":"[AUTO-EMAILER] Cannot auto-email because the user is not logged in","level":"info","service":"dfa-populi","timestamp":"2021-01-31 18:00:00"}
{"message":"[AUTO-EMAILER] No new leads were found.","level":"info","service":"dfa-populi","timestamp":"2021-01-31 18:00:02"}
{"message":"[AUTO-EMAILER] Cannot auto-email because the user is not logged in","level":"info","service":"dfa-populi","timestamp":"2021-01-31 21:00:00"}
{"message":"[AUTO-EMAILER] No new leads were found.","level":"info","service":"dfa-populi","timestamp":"2021-01-31 21:00:01"}
{"message":"[AUTO-EMAILER] Cannot auto-email because the user is not logged in","level":"info","service":"dfa-populi","timestamp":"2021-02-01 00:00:00"}
{"message":"[AUTO-EMAILER] No new leads were found.","level":"info","service":"dfa-populi","timestamp":"2021-02-01 00:00:01"}
{"message":"[AUTO-EMAILER] Cannot auto-email because the user is not logged in","level":"info","service":"dfa-populi","timestamp":"2021-02-01 12:00:00"}
{"message":"[AUTO-EMAILER] No new leads were found.","level":"info","service":"dfa-populi","timestamp":"2021-02-01 12:00:01"}
{"message":"[AUTO-EMAILER] Cannot auto-email because the user is not logged in","level":"info","service":"dfa-populi","timestamp":"2021-02-01 15:00:00"}
{"message":"[AUTO-EMAILER] No new leads were found.","level":"info","service":"dfa-populi","timestamp":"2021-02-01 15:00:01"}
{"message":"[AUTO-EMAILER] Cannot auto-email because the user is not logged in","level":"info","service":"dfa-populi","timestamp":"2021-02-01 18:00:00"}
{"message":"[AUTO-EMAILER] No new leads were found.","level":"info","service":"dfa-populi","timestamp":"2021-02-01 18:00:02"}
{"message":"[AUTO-EMAILER] Cannot auto-email because the user is not logged in","level":"info","service":"dfa-populi","timestamp":"2021-02-01 21:00:00"}
{"message":"[AUTO-EMAILER] No new leads were found.","level":"info","service":"dfa-populi","timestamp":"2021-02-01 21:00:02"}
{"message":"[AUTO-EMAILER] Cannot auto-email because the user is not logged in","level":"info","service":"dfa-populi","timestamp":"2021-02-02 00:00:00"}
{"message":"[AUTO-EMAILER] No new leads were found.","level":"info","service":"dfa-populi","timestamp":"2021-02-02 00:00:02"}
{"message":"[AUTO-EMAILER] Cannot auto-email because the user is not logged in","level":"info","service":"dfa-populi","timestamp":"2021-02-02 12:00:00"}
{"message":"[AUTO-EMAILER] No new leads were found.","level":"info","service":"dfa-populi","timestamp":"2021-02-02 12:00:03"}
{"message":"[AUTO-EMAILER] Cannot auto-email because the user is not logged in","level":"info","service":"dfa-populi","timestamp":"2021-02-02 15:00:00"}
{"message":"[AUTO-EMAILER] No new leads were found.","level":"info","service":"dfa-populi","timestamp":"2021-02-02 15:00:01"}
{"message":"[AUTO-EMAILER] Cannot auto-email because the user is not logged in","level":"info","service":"dfa-populi","timestamp":"2021-02-02 21:00:00"}
{"message":"[AUTO-EMAILER] No new leads were found.","level":"info","service":"dfa-populi","timestamp":"2021-02-02 21:00:01"}
{"message":"[AUTO-EMAILER] Cannot auto-email because the user is not logged in","level":"info","service":"dfa-populi","timestamp":"2021-02-03 00:00:00"}
{"message":"[AUTO-EMAILER] No new leads were found.","level":"info","service":"dfa-populi","timestamp":"2021-02-03 00:00:01"}
{"message":"[AUTO-EMAILER] Cannot auto-email because the user is not logged in","level":"info","service":"dfa-populi","timestamp":"2021-02-03 12:00:00"}
{"message":"[AUTO-EMAILER] No new leads were found.","level":"info","service":"dfa-populi","timestamp":"2021-02-03 12:00:02"}
{"message":"[AUTO-EMAILER] Cannot auto-email because the user is not logged in","level":"info","service":"dfa-populi","timestamp":"2021-02-03 15:00:00"}
{"message":"[AUTO-EMAILER] No new leads were found.","level":"info","service":"dfa-populi","timestamp":"2021-02-03 15:00:02"}
{"message":"[AUTO-EMAILER] Cannot auto-email because the user is not logged in","level":"info","service":"dfa-populi","timestamp":"2021-02-03 21:00:00"}
{"message":"[AUTO-EMAILER] No new leads were found.","level":"info","service":"dfa-populi","timestamp":"2021-02-03 21:00:02"}
{"message":"[AUTO-EMAILER] Cannot auto-email because the user is not logged in","level":"info","service":"dfa-populi","timestamp":"2021-02-04 00:00:00"}
{"message":"[AUTO-EMAILER] No new leads were found.","level":"info","service":"dfa-populi","timestamp":"2021-02-04 00:00:01"}
{"message":"[AUTO-EMAILER] Cannot auto-email because the user is not logged in","level":"info","service":"dfa-populi","timestamp":"2021-02-04 12:00:00"}
{"message":"[AUTO-EMAILER] No new leads were found.","level":"info","service":"dfa-populi","timestamp":"2021-02-04 12:00:03"}
{"message":"[AUTO-EMAILER] Cannot auto-email because the user is not logged in","level":"info","service":"dfa-populi","timestamp":"2021-02-04 15:00:00"}
{"message":"[AUTO-EMAILER] No new leads were found.","level":"info","service":"dfa-populi","timestamp":"2021-02-04 15:00:02"}
{"message":"[AUTO-EMAILER] Cannot auto-email because the user is not logged in","level":"info","service":"dfa-populi","timestamp":"2021-02-04 21:00:00"}
{"message":"[AUTO-EMAILER] No new leads were found.","level":"info","service":"dfa-populi","timestamp":"2021-02-04 21:00:01"}
{"message":"[AUTO-EMAILER] Cannot auto-email because the user is not logged in","level":"info","service":"dfa-populi","timestamp":"2021-02-05 00:00:00"}
{"message":"[AUTO-EMAILER] No new leads were found.","level":"info","service":"dfa-populi","timestamp":"2021-02-05 00:00:02"}
{"message":"[AUTO-EMAILER] Cannot auto-email because the user is not logged in","level":"info","service":"dfa-populi","timestamp":"2021-02-05 12:00:00"}
{"message":"[AUTO-EMAILER] No new leads were found.","level":"info","service":"dfa-populi","timestamp":"2021-02-05 12:00:05"}
{"message":"[AUTO-EMAILER] Cannot auto-email because the user is not logged in","level":"info","service":"dfa-populi","timestamp":"2021-02-18 15:00:00"}
{"message":"[AUTO-EMAILER] No new leads were found.","level":"info","service":"dfa-populi","timestamp":"2021-02-18 15:00:02"}
{"message":"[AUTO-EMAILER] Cannot auto-email because the user is not logged in","level":"info","service":"dfa-populi","timestamp":"2021-02-18 21:00:00"}
{"message":"[AUTO-EMAILER] No new leads were found.","level":"info","service":"dfa-populi","timestamp":"2021-02-18 21:00:01"}
{"message":"[AUTO-EMAILER] Cannot auto-email because the user is not logged in","level":"info","service":"dfa-populi","timestamp":"2021-02-19 00:00:00"}
{"message":"[AUTO-EMAILER] No new leads were found.","level":"info","service":"dfa-populi","timestamp":"2021-02-19 00:00:01"}
{"message":"[AUTO-EMAILER] Cannot auto-email because the user is not logged in","level":"info","service":"dfa-populi","timestamp":"2021-02-19 12:00:00"}
{"message":"[AUTO-EMAILER] No new leads were found.","level":"info","service":"dfa-populi","timestamp":"2021-02-19 12:00:03"}
{"message":"[AUTO-EMAILER] Cannot auto-email because the user is not logged in","level":"info","service":"dfa-populi","timestamp":"2021-02-19 15:00:00"}
{"message":"[AUTO-EMAILER] No new leads were found.","level":"info","service":"dfa-populi","timestamp":"2021-02-19 15:00:03"}
{"message":"[AUTO-EMAILER] Cannot auto-email because the user is not logged in","level":"info","service":"dfa-populi","timestamp":"2021-02-19 18:00:00"}
{"message":"[AUTO-EMAILER] No new leads were found.","level":"info","service":"dfa-populi","timestamp":"2021-02-19 18:00:01"}
{"message":"[AUTO-EMAILER] Cannot auto-email because the user is not logged in","level":"info","service":"dfa-populi","timestamp":"2021-02-19 21:00:00"}
{"message":"[AUTO-EMAILER] No new leads were found.","level":"info","service":"dfa-populi","timestamp":"2021-02-19 21:00:01"}
{"message":"[AUTO-EMAILER] Cannot auto-email because the user is not logged in","level":"info","service":"dfa-populi","timestamp":"2021-02-20 00:00:00"}
{"message":"[AUTO-EMAILER] No new leads were found.","level":"info","service":"dfa-populi","timestamp":"2021-02-20 00:00:01"}
{"message":"[AUTO-EMAILER] Cannot auto-email because the user is not logged in","level":"info","service":"dfa-populi","timestamp":"2021-02-20 18:00:00"}
{"message":"[AUTO-EMAILER] No new leads were found.","level":"info","service":"dfa-populi","timestamp":"2021-02-20 18:00:01"}
{"message":"[AUTO-EMAILER] Cannot auto-email because the user is not logged in","level":"info","service":"dfa-populi","timestamp":"2021-02-20 21:00:00"}
{"message":"[AUTO-EMAILER] No new leads were found.","level":"info","service":"dfa-populi","timestamp":"2021-02-20 21:00:01"}
{"message":"[AUTO-EMAILER] Cannot auto-email because the user is not logged in","level":"info","service":"dfa-populi","timestamp":"2021-02-21 00:00:00"}
{"message":"[AUTO-EMAILER] No new leads were found.","level":"info","service":"dfa-populi","timestamp":"2021-02-21 00:00:02"}
{"message":"[AUTO-EMAILER] Cannot auto-email because the user is not logged in","level":"info","service":"dfa-populi","timestamp":"2021-02-21 12:00:00"}
{"message":"[AUTO-EMAILER] No new leads were found.","level":"info","service":"dfa-populi","timestamp":"2021-02-21 12:00:01"}
{"message":"[AUTO-EMAILER] Cannot auto-email because the user is not logged in","level":"info","service":"dfa-populi","timestamp":"2021-02-21 15:00:00"}
{"message":"[AUTO-EMAILER] No new leads were found.","level":"info","service":"dfa-populi","timestamp":"2021-02-21 15:00:01"}
{"message":"[AUTO-EMAILER] Cannot auto-email because the user is not logged in","level":"info","service":"dfa-populi","timestamp":"2021-02-21 18:00:00"}
{"message":"[AUTO-EMAILER] No new leads were found.","level":"info","service":"dfa-populi","timestamp":"2021-02-21 18:00:02"}
{"message":"[AUTO-EMAILER] Cannot auto-email because the user is not logged in","level":"info","service":"dfa-populi","timestamp":"2021-02-21 21:00:00"}
{"message":"[AUTO-EMAILER] No new leads were found.","level":"info","service":"dfa-populi","timestamp":"2021-02-21 21:00:02"}
{"message":"[AUTO-EMAILER] Cannot auto-email because the user is not logged in","level":"info","service":"dfa-populi","timestamp":"2021-02-22 00:00:00"}
{"message":"[AUTO-EMAILER] No new leads were found.","level":"info","service":"dfa-populi","timestamp":"2021-02-22 00:00:02"}
{"message":"[AUTO-EMAILER] Cannot auto-email because the user is not logged in","level":"info","service":"dfa-populi","timestamp":"2021-02-22 12:00:00"}
{"message":"[AUTO-EMAILER] No new leads were found.","level":"info","service":"dfa-populi","timestamp":"2021-02-22 12:00:03"}
{"message":"[AUTO-EMAILER] Cannot auto-email because the user is not logged in","level":"info","service":"dfa-populi","timestamp":"2021-02-22 15:00:00"}
{"message":"[AUTO-EMAILER] No new leads were found.","level":"info","service":"dfa-populi","timestamp":"2021-02-22 15:00:03"}
{"message":"[AUTO-EMAILER] Cannot auto-email because the user is not logged in","level":"info","service":"dfa-populi","timestamp":"2021-02-23 00:00:00"}
{"message":"[AUTO-EMAILER] No new leads were found.","level":"info","service":"dfa-populi","timestamp":"2021-02-23 00:00:01"}
{"message":"[AUTO-EMAILER] Cannot auto-email because the user is not logged in","level":"info","service":"dfa-populi","timestamp":"2021-02-23 12:00:00"}
{"message":"[AUTO-EMAILER] No new leads were found.","level":"info","service":"dfa-populi","timestamp":"2021-02-23 12:00:05"}
{"message":"[AUTO-EMAILER] Cannot auto-email because the user is not logged in","level":"info","service":"dfa-populi","timestamp":"2021-02-23 15:00:00"}
{"message":"[AUTO-EMAILER] No new leads were found.","level":"info","service":"dfa-populi","timestamp":"2021-02-23 15:00:02"}
{"message":"[AUTO-EMAILER] Cannot auto-email because the user is not logged in","level":"info","service":"dfa-populi","timestamp":"2021-02-23 18:00:00"}
{"message":"[AUTO-EMAILER] No new leads were found.","level":"info","service":"dfa-populi","timestamp":"2021-02-23 18:00:03"}
{"message":"[AUTO-EMAILER] Cannot auto-email because the user is not logged in","level":"info","service":"dfa-populi","timestamp":"2021-02-23 21:00:00"}
{"message":"[AUTO-EMAILER] No new leads were found.","level":"info","service":"dfa-populi","timestamp":"2021-02-23 21:00:01"}
{"message":"[AUTO-EMAILER] Cannot auto-email because the user is not logged in","level":"info","service":"dfa-populi","timestamp":"2021-02-24 00:00:00"}
{"message":"[AUTO-EMAILER] No new leads were found.","level":"info","service":"dfa-populi","timestamp":"2021-02-24 00:00:03"}
{"message":"[AUTO-EMAILER] Cannot auto-email because the user is not logged in","level":"info","service":"dfa-populi","timestamp":"2021-02-24 06:00:00"}
{"message":"[AUTO-EMAILER] No new leads were found.","level":"info","service":"dfa-populi","timestamp":"2021-02-24 06:00:01"}
{"message":"[AUTO-EMAILER] Cannot auto-email because the user is not logged in","level":"info","service":"dfa-populi","timestamp":"2021-02-24 09:00:00"}
{"message":"[AUTO-EMAILER] No new leads were found.","level":"info","service":"dfa-populi","timestamp":"2021-02-24 09:00:02"}
{"message":"[AUTO-EMAILER] Cannot auto-email because the user is not logged in","level":"info","service":"dfa-populi","timestamp":"2021-02-24 12:00:00"}
{"message":"[AUTO-EMAILER] No new leads were found.","level":"info","service":"dfa-populi","timestamp":"2021-02-24 12:00:02"}
{"message":"[AUTO-EMAILER] Cannot auto-email because the user is not logged in","level":"info","service":"dfa-populi","timestamp":"2021-02-24 15:00:00"}
{"message":"[AUTO-EMAILER] No new leads were found.","level":"info","service":"dfa-populi","timestamp":"2021-02-24 15:00:02"}
{"message":"[AUTO-EMAILER] Cannot auto-email because the user is not logged in","level":"info","service":"dfa-populi","timestamp":"2021-02-24 18:00:00"}
{"message":"[AUTO-EMAILER] No new leads were found.","level":"info","service":"dfa-populi","timestamp":"2021-02-24 18:00:01"}
{"message":"[AUTO-EMAILER] Cannot auto-email because the user is not logged in","level":"info","service":"dfa-populi","timestamp":"2021-02-24 21:00:00"}
{"message":"[AUTO-EMAILER] No new leads were found.","level":"info","service":"dfa-populi","timestamp":"2021-02-24 21:00:01"}
{"message":"[AUTO-EMAILER] Cannot auto-email because the user is not logged in","level":"info","service":"dfa-populi","timestamp":"2021-02-25 12:00:00"}
{"message":"[AUTO-EMAILER] No new leads were found.","level":"info","service":"dfa-populi","timestamp":"2021-02-25 12:00:02"}
{"message":"[AUTO-EMAILER] Cannot auto-email because the user is not logged in","level":"info","service":"dfa-populi","timestamp":"2021-02-25 15:00:00"}
{"message":"[AUTO-EMAILER] No new leads were found.","level":"info","service":"dfa-populi","timestamp":"2021-02-25 15:00:00"}
{"message":"[AUTO-EMAILER] Cannot auto-email because the user is not logged in","level":"info","service":"dfa-populi","timestamp":"2021-02-25 18:00:00"}
{"message":"[AUTO-EMAILER] No new leads were found.","level":"info","service":"dfa-populi","timestamp":"2021-02-25 18:00:01"}
{"message":"[AUTO-EMAILER] Cannot auto-email because the user is not logged in","level":"info","service":"dfa-populi","timestamp":"2021-02-26 12:00:00"}
{"message":"[AUTO-EMAILER] No new leads were found.","level":"info","service":"dfa-populi","timestamp":"2021-02-26 12:00:01"}
{"message":"[AUTO-EMAILER] Cannot auto-email because the user is not logged in","level":"info","service":"dfa-populi","timestamp":"2021-02-26 15:00:00"}
{"message":"[AUTO-EMAILER] No new leads were found.","level":"info","service":"dfa-populi","timestamp":"2021-02-26 15:00:01"}
{"message":"[AUTO-EMAILER] Cannot auto-email because the user is not logged in","level":"info","service":"dfa-populi","timestamp":"2021-02-26 18:00:00"}
{"message":"[AUTO-EMAILER] No new leads were found.","level":"info","service":"dfa-populi","timestamp":"2021-02-26 18:00:01"}
{"message":"[AUTO-EMAILER] Cannot auto-email because the user is not logged in","level":"info","service":"dfa-populi","timestamp":"2021-02-26 21:00:00"}
{"message":"[AUTO-EMAILER] No new leads were found.","level":"info","service":"dfa-populi","timestamp":"2021-02-26 21:00:01"}
{"message":"[AUTO-EMAILER] Cannot auto-email because the user is not logged in","level":"info","service":"dfa-populi","timestamp":"2021-02-27 00:00:00"}
{"message":"[AUTO-EMAILER] No new leads were found.","level":"info","service":"dfa-populi","timestamp":"2021-02-27 00:00:01"}
{"message":"[AUTO-EMAILER] Added the following leads: {\n    \"initial\": [\n        {\n            \"id\": \"177ef083c449cded\",\n            \"content\": {\n                \"firstName\": \"jay\",\n                \"lastName\": \"vachon\",\n                \"email\": \"jaylvachon@gmail.com\",\n                \"phone\": \"5555555555\",\n                \"studentType\": \"\",\n                \"message\": \"\"\n            }\n        }\n    ],\n    \"repeat\": []\n}","level":"info","service":"dfa-populi","timestamp":"2021-03-01 13:24:10"}
{"message":"[AUTO-EMAILER] Added the following leads: {\n    \"initial\": [\n        {\n            \"id\": \"177ef4965445905f\",\n            \"content\": {\n                \"firstName\": \"Hunter\",\n                \"lastName\": \"Hubbard\",\n                \"email\": \"hubbardhunter55@yahoo.com\",\n                \"phone\": \"2055227043\",\n                \"program\": \"Python - Web/Data Development\",\n                \"studentType\": \"Veteran - CH-33\",\n                \"aid\": \"No\",\n                \"message\": \"\"\n            }\n        }\n    ],\n    \"repeat\": []\n}","level":"info","service":"dfa-populi","timestamp":"2021-03-01 15:00:03"}
{"message":"Login succeeded for user jay.vachon","level":"info","service":"dfa-populi","timestamp":"2021-04-15 10:21:23"}
{"message":"[AUTO-EMAILER] Cannot auto-email because the user is not logged in","level":"info","service":"dfa-populi","timestamp":"2021-04-15 12:00:00"}
{"message":"[AUTO-EMAILER] No new leads were found.","level":"info","service":"dfa-populi","timestamp":"2021-04-15 12:00:01"}
{"message":"[AUTO-EMAILER] Cannot auto-email because the user is not logged in","level":"info","service":"dfa-populi","timestamp":"2021-04-15 15:00:00"}
{"message":"[AUTO-EMAILER] No new leads were found.","level":"info","service":"dfa-populi","timestamp":"2021-04-15 15:00:03"}
{"message":"[AUTO-EMAILER] Cannot auto-email because the user is not logged in","level":"info","service":"dfa-populi","timestamp":"2021-04-15 18:00:00"}
{"message":"[AUTO-EMAILER] No new leads were found.","level":"info","service":"dfa-populi","timestamp":"2021-04-15 18:00:02"}
{"message":"[AUTO-EMAILER] Cannot auto-email because the user is not logged in","level":"info","service":"dfa-populi","timestamp":"2021-04-15 21:00:00"}
{"message":"[AUTO-EMAILER] No new leads were found.","level":"info","service":"dfa-populi","timestamp":"2021-04-15 21:00:02"}
{"message":"[AUTO-EMAILER] Cannot auto-email because the user is not logged in","level":"info","service":"dfa-populi","timestamp":"2021-04-16 00:00:00"}
{"message":"[AUTO-EMAILER] No new leads were found.","level":"info","service":"dfa-populi","timestamp":"2021-04-16 00:00:08"}
{"message":"[AUTO-EMAILER] Cannot auto-email because the user is not logged in","level":"info","service":"dfa-populi","timestamp":"2021-04-16 12:00:00"}
{"message":"[AUTO-EMAILER] No new leads were found.","level":"info","service":"dfa-populi","timestamp":"2021-04-16 12:00:01"}
{"message":"[AUTO-EMAILER] Cannot auto-email because the user is not logged in","level":"info","service":"dfa-populi","timestamp":"2021-04-16 15:00:00"}
{"message":"[AUTO-EMAILER] No new leads were found.","level":"info","service":"dfa-populi","timestamp":"2021-04-16 15:00:04"}
{"message":"[AUTO-EMAILER] Cannot auto-email because the user is not logged in","level":"info","service":"dfa-populi","timestamp":"2021-04-18 21:00:00"}
{"message":"[AUTO-EMAILER] No new leads were found.","level":"info","service":"dfa-populi","timestamp":"2021-04-18 21:00:02"}
{"message":"[AUTO-EMAILER] Cannot auto-email because the user is not logged in","level":"info","service":"dfa-populi","timestamp":"2021-04-21 12:00:00"}
{"message":"[AUTO-EMAILER] No new leads were found.","level":"info","service":"dfa-populi","timestamp":"2021-04-21 12:00:00"}
{"message":"[AUTO-EMAILER] Cannot auto-email because the user is not logged in","level":"info","service":"dfa-populi","timestamp":"2021-04-21 13:00:00"}
{"message":"[AUTO-EMAILER] No new leads were found.","level":"info","service":"dfa-populi","timestamp":"2021-04-21 13:00:02"}
{"message":"[AUTO-EMAILER] Cannot auto-email because the user is not logged in","level":"info","service":"dfa-populi","timestamp":"2021-04-21 14:00:00"}
{"message":"[AUTO-EMAILER] No new leads were found.","level":"info","service":"dfa-populi","timestamp":"2021-04-21 14:00:01"}
{"message":"[AUTO-EMAILER] Cannot auto-email because the user is not logged in","level":"info","service":"dfa-populi","timestamp":"2021-04-26 11:00:00"}
{"message":"[AUTO-EMAILER] No new leads were found.","level":"info","service":"dfa-populi","timestamp":"2021-04-26 11:00:01"}
{"message":"[AUTO-EMAILER] No new leads were found.","level":"info","service":"dfa-populi","timestamp":"2021-04-26 12:00:04"}
{"message":"[AUTO-EMAILER] Added the following leads: {\n    \"initial\": [\n        {\n            \"id\": \"1790f059c66cebfb\",\n            \"content\": {\n                \"firstName\": \"Elias\",\n                \"lastName\": \"Popa\",\n                \"email\": \"elias.popa@citi.net\",\n                \"phone\": \"9172829553\",\n                \"studentType\": \"\",\n                \"message\": \"\"\n            }\n        }\n    ],\n    \"repeat\": []\n}","level":"info","service":"dfa-populi","timestamp":"2021-04-26 13:00:06"}
{"message":"[AUTO-EMAILER] No new leads were found.","level":"info","service":"dfa-populi","timestamp":"2021-04-26 14:00:03"}
{"message":"[AUTO-EMAILER] Cannot auto-email because the user is not logged in","level":"info","service":"dfa-populi","timestamp":"2021-04-26 15:00:00"}
{"message":"[AUTO-EMAILER] No new leads were found.","level":"info","service":"dfa-populi","timestamp":"2021-04-26 15:00:03"}
{"message":"[AUTO-EMAILER] Cannot auto-email because the user is not logged in","level":"info","service":"dfa-populi","timestamp":"2021-04-26 16:00:00"}
{"message":"[AUTO-EMAILER] No new leads were found.","level":"info","service":"dfa-populi","timestamp":"2021-04-26 16:00:02"}
{"message":"[AUTO-EMAILER] Cannot auto-email because the user is not logged in","level":"info","service":"dfa-populi","timestamp":"2021-04-26 17:00:00"}
{"message":"[AUTO-EMAILER] No new leads were found.","level":"info","service":"dfa-populi","timestamp":"2021-04-26 17:00:01"}
{"message":"[AUTO-EMAILER] Cannot auto-email because the user is not logged in","level":"info","service":"dfa-populi","timestamp":"2021-04-26 18:00:00"}
{"message":"[AUTO-EMAILER] No new leads were found.","level":"info","service":"dfa-populi","timestamp":"2021-04-26 18:00:02"}
{"message":"[AUTO-EMAILER] Cannot auto-email because the user is not logged in","level":"info","service":"dfa-populi","timestamp":"2021-04-26 19:00:00"}
{"message":"[AUTO-EMAILER] No new leads were found.","level":"info","service":"dfa-populi","timestamp":"2021-04-26 19:00:02"}
{"message":"[AUTO-EMAILER] Cannot auto-email because the user is not logged in","level":"info","service":"dfa-populi","timestamp":"2021-04-26 20:00:00"}
{"message":"[AUTO-EMAILER] No new leads were found.","level":"info","service":"dfa-populi","timestamp":"2021-04-26 20:00:02"}
{"message":"[AUTO-EMAILER] No new leads were found.","level":"info","service":"dfa-populi","timestamp":"2021-04-27 11:00:03"}
{"message":"[AUTO-EMAILER] No new leads were found.","level":"info","service":"dfa-populi","timestamp":"2021-04-27 12:00:02"}
{"message":"[AUTO-EMAILER] No new leads were found.","level":"info","service":"dfa-populi","timestamp":"2021-04-27 13:00:09"}
{"message":"[AUTO-EMAILER] No new leads were found.","level":"info","service":"dfa-populi","timestamp":"2021-04-27 14:00:05"}
{"message":"[AUTO-EMAILER] No new leads were found.","level":"info","service":"dfa-populi","timestamp":"2021-04-27 15:00:02"}
{"message":"[AUTO-EMAILER] No new leads were found.","level":"info","service":"dfa-populi","timestamp":"2021-04-27 16:00:03"}
{"message":"[AUTO-EMAILER] No new leads were found.","level":"info","service":"dfa-populi","timestamp":"2021-04-27 20:00:02"}
{"message":"[AUTO-EMAILER] No new leads were found.","level":"info","service":"dfa-populi","timestamp":"2021-04-27 21:00:07"}
{"message":"[AUTO-EMAILER] No new leads were found.","level":"info","service":"dfa-populi","timestamp":"2021-04-27 22:00:03"}
{"message":"[AUTO-EMAILER] No new leads were found.","level":"info","service":"dfa-populi","timestamp":"2021-04-27 23:00:02"}
{"message":"[AUTO-EMAILER] No new leads were found.","level":"info","service":"dfa-populi","timestamp":"2021-04-28 00:00:03"}
{"message":"[AUTO-EMAILER] No new leads were found.","level":"info","service":"dfa-populi","timestamp":"2021-04-28 01:00:02"}
{"message":"[AUTO-EMAILER] No new leads were found.","level":"info","service":"dfa-populi","timestamp":"2021-04-28 11:00:03"}
{"message":"[AUTO-EMAILER] No new leads were found.","level":"info","service":"dfa-populi","timestamp":"2021-04-28 12:00:02"}
{"message":"[AUTO-EMAILER] No new leads were found.","level":"info","service":"dfa-populi","timestamp":"2021-04-28 13:00:03"}
{"message":"[AUTO-EMAILER] Cannot auto-email because the user is not logged in","level":"info","service":"dfa-populi","timestamp":"2021-04-28 14:00:00"}
{"message":"[AUTO-EMAILER] No new leads were found.","level":"info","service":"dfa-populi","timestamp":"2021-04-28 14:00:03"}
{"message":"[AUTO-EMAILER] Cannot auto-email because the user is not logged in","level":"info","service":"dfa-populi","timestamp":"2021-04-28 15:00:00"}
{"message":"[AUTO-EMAILER] No new leads were found.","level":"info","service":"dfa-populi","timestamp":"2021-04-28 15:00:02"}
{"message":"[AUTO-EMAILER] Cannot auto-email because the user is not logged in","level":"info","service":"dfa-populi","timestamp":"2021-04-28 16:00:00"}
{"message":"[AUTO-EMAILER] No new leads were found.","level":"info","service":"dfa-populi","timestamp":"2021-04-28 16:00:02"}
{"message":"[AUTO-EMAILER] Cannot auto-email because the user is not logged in","level":"info","service":"dfa-populi","timestamp":"2021-04-28 17:00:00"}
{"message":"[AUTO-EMAILER] No new leads were found.","level":"info","service":"dfa-populi","timestamp":"2021-04-28 17:00:02"}
{"message":"[AUTO-EMAILER] Cannot auto-email because the user is not logged in","level":"info","service":"dfa-populi","timestamp":"2021-04-28 18:00:00"}
{"message":"[AUTO-EMAILER] No new leads were found.","level":"info","service":"dfa-populi","timestamp":"2021-04-28 18:00:01"}
{"message":"[AUTO-EMAILER] Cannot auto-email because the user is not logged in","level":"info","service":"dfa-populi","timestamp":"2021-04-28 19:00:00"}
{"message":"[AUTO-EMAILER] No new leads were found.","level":"info","service":"dfa-populi","timestamp":"2021-04-28 19:00:02"}
{"message":"[AUTO-EMAILER] Cannot auto-email because the user is not logged in","level":"info","service":"dfa-populi","timestamp":"2021-04-29 11:00:00"}
{"message":"[AUTO-EMAILER] No new leads were found.","level":"info","service":"dfa-populi","timestamp":"2021-04-29 11:00:02"}
{"message":"[AUTO-EMAILER] Cannot auto-email because the user is not logged in","level":"info","service":"dfa-populi","timestamp":"2021-04-29 12:00:00"}
{"message":"[AUTO-EMAILER] No new leads were found.","level":"info","service":"dfa-populi","timestamp":"2021-04-29 12:00:03"}
{"message":"[AUTO-EMAILER] Cannot auto-email because the user is not logged in","level":"info","service":"dfa-populi","timestamp":"2021-04-29 13:00:00"}
{"message":"[AUTO-EMAILER] No new leads were found.","level":"info","service":"dfa-populi","timestamp":"2021-04-29 13:00:02"}
{"message":"[AUTO-EMAILER] Cannot auto-email because the user is not logged in","level":"info","service":"dfa-populi","timestamp":"2021-04-29 14:00:00"}
{"message":"[AUTO-EMAILER] No new leads were found.","level":"info","service":"dfa-populi","timestamp":"2021-04-29 14:00:02"}
{"message":"[AUTO-EMAILER] Cannot auto-email because the user is not logged in","level":"info","service":"dfa-populi","timestamp":"2021-04-29 15:00:00"}
{"message":"[AUTO-EMAILER] No new leads were found.","level":"info","service":"dfa-populi","timestamp":"2021-04-29 15:00:02"}
{"message":"[AUTO-EMAILER] Cannot auto-email because the user is not logged in","level":"info","service":"dfa-populi","timestamp":"2021-04-29 17:00:00"}
{"message":"[AUTO-EMAILER] No new leads were found.","level":"info","service":"dfa-populi","timestamp":"2021-04-29 17:00:01"}
{"message":"[AUTO-EMAILER] Cannot auto-email because the user is not logged in","level":"info","service":"dfa-populi","timestamp":"2021-04-29 18:00:00"}
{"message":"[AUTO-EMAILER] No new leads were found.","level":"info","service":"dfa-populi","timestamp":"2021-04-29 18:00:02"}
{"message":"[AUTO-EMAILER] Cannot auto-email because the user is not logged in","level":"info","service":"dfa-populi","timestamp":"2021-04-29 19:00:00"}
{"message":"[AUTO-EMAILER] No new leads were found.","level":"info","service":"dfa-populi","timestamp":"2021-04-29 19:00:02"}
{"message":"[AUTO-EMAILER] Cannot auto-email because the user is not logged in","level":"info","service":"dfa-populi","timestamp":"2021-04-29 20:00:00"}
{"message":"[AUTO-EMAILER] No new leads were found.","level":"info","service":"dfa-populi","timestamp":"2021-04-29 20:00:02"}
{"message":"[AUTO-EMAILER] Cannot auto-email because the user is not logged in","level":"info","service":"dfa-populi","timestamp":"2021-04-29 21:00:00"}
{"message":"[AUTO-EMAILER] No new leads were found.","level":"info","service":"dfa-populi","timestamp":"2021-04-29 21:00:02"}
{"message":"[AUTO-EMAILER] Cannot auto-email because the user is not logged in","level":"info","service":"dfa-populi","timestamp":"2021-04-29 22:00:00"}
{"message":"[AUTO-EMAILER] No new leads were found.","level":"info","service":"dfa-populi","timestamp":"2021-04-29 22:00:01"}
{"message":"[AUTO-EMAILER] Cannot auto-email because the user is not logged in","level":"info","service":"dfa-populi","timestamp":"2021-04-30 00:00:00"}
{"message":"[AUTO-EMAILER] No new leads were found.","level":"info","service":"dfa-populi","timestamp":"2021-04-30 00:00:01"}
{"message":"[AUTO-EMAILER] Cannot auto-email because the user is not logged in","level":"info","service":"dfa-populi","timestamp":"2021-04-30 01:00:00"}
{"message":"[AUTO-EMAILER] No new leads were found.","level":"info","service":"dfa-populi","timestamp":"2021-04-30 01:00:02"}
{"message":"[AUTO-EMAILER] Cannot auto-email because the user is not logged in","level":"info","service":"dfa-populi","timestamp":"2021-04-30 11:00:00"}
{"message":"[AUTO-EMAILER] No new leads were found.","level":"info","service":"dfa-populi","timestamp":"2021-04-30 11:00:02"}
{"message":"[AUTO-EMAILER] Cannot auto-email because the user is not logged in","level":"info","service":"dfa-populi","timestamp":"2021-04-30 20:00:00"}
{"message":"[AUTO-EMAILER] No new leads were found.","level":"info","service":"dfa-populi","timestamp":"2021-04-30 20:00:01"}
{"message":"[AUTO-EMAILER] Cannot auto-email because the user is not logged in","level":"info","service":"dfa-populi","timestamp":"2021-04-30 21:00:00"}
{"message":"[AUTO-EMAILER] No new leads were found.","level":"info","service":"dfa-populi","timestamp":"2021-04-30 21:00:02"}
{"message":"[AUTO-EMAILER] Cannot auto-email because the user is not logged in","level":"info","service":"dfa-populi","timestamp":"2021-04-30 22:00:00"}
{"message":"[AUTO-EMAILER] No new leads were found.","level":"info","service":"dfa-populi","timestamp":"2021-04-30 22:00:01"}
{"message":"[AUTO-EMAILER] Cannot auto-email because the user is not logged in","level":"info","service":"dfa-populi","timestamp":"2021-04-30 23:00:00"}
{"message":"[AUTO-EMAILER] No new leads were found.","level":"info","service":"dfa-populi","timestamp":"2021-04-30 23:00:02"}
{"message":"[AUTO-EMAILER] Cannot auto-email because the user is not logged in","level":"info","service":"dfa-populi","timestamp":"2021-05-01 00:00:00"}
{"message":"[AUTO-EMAILER] No new leads were found.","level":"info","service":"dfa-populi","timestamp":"2021-05-01 00:00:01"}
{"message":"[AUTO-EMAILER] Cannot auto-email because the user is not logged in","level":"info","service":"dfa-populi","timestamp":"2021-05-01 19:00:00"}
{"message":"[AUTO-EMAILER] No new leads were found.","level":"info","service":"dfa-populi","timestamp":"2021-05-01 19:00:01"}
{"message":"[AUTO-EMAILER] Cannot auto-email because the user is not logged in","level":"info","service":"dfa-populi","timestamp":"2021-05-01 20:00:00"}
{"message":"[AUTO-EMAILER] No new leads were found.","level":"info","service":"dfa-populi","timestamp":"2021-05-01 20:00:01"}
{"message":"[AUTO-EMAILER] Cannot auto-email because the user is not logged in","level":"info","service":"dfa-populi","timestamp":"2021-05-01 21:00:00"}
{"message":"[AUTO-EMAILER] No new leads were found.","level":"info","service":"dfa-populi","timestamp":"2021-05-01 21:00:01"}
{"message":"[AUTO-EMAILER] Cannot auto-email because the user is not logged in","level":"info","service":"dfa-populi","timestamp":"2021-05-02 17:00:00"}
{"message":"[AUTO-EMAILER] No new leads were found.","level":"info","service":"dfa-populi","timestamp":"2021-05-02 17:00:01"}
{"message":"[AUTO-EMAILER] Cannot auto-email because the user is not logged in","level":"info","service":"dfa-populi","timestamp":"2021-05-02 18:00:00"}
{"message":"[AUTO-EMAILER] No new leads were found.","level":"info","service":"dfa-populi","timestamp":"2021-05-02 18:00:01"}
{"message":"[AUTO-EMAILER] Cannot auto-email because the user is not logged in","level":"info","service":"dfa-populi","timestamp":"2021-05-02 21:00:00"}
{"message":"[AUTO-EMAILER] No new leads were found.","level":"info","service":"dfa-populi","timestamp":"2021-05-02 21:00:02"}
{"message":"[AUTO-EMAILER] Cannot auto-email because the user is not logged in","level":"info","service":"dfa-populi","timestamp":"2021-05-02 22:00:00"}
{"message":"[AUTO-EMAILER] No new leads were found.","level":"info","service":"dfa-populi","timestamp":"2021-05-02 22:00:01"}
{"message":"[AUTO-EMAILER] Cannot auto-email because the user is not logged in","level":"info","service":"dfa-populi","timestamp":"2021-05-02 23:00:00"}
{"message":"[AUTO-EMAILER] No new leads were found.","level":"info","service":"dfa-populi","timestamp":"2021-05-02 23:00:02"}
{"message":"[AUTO-EMAILER] No new leads were found.","level":"info","service":"dfa-populi","timestamp":"2021-05-03 11:00:02"}
{"message":"[AUTO-EMAILER] No new leads were found.","level":"info","service":"dfa-populi","timestamp":"2021-05-03 12:00:02"}
{"message":"[AUTO-EMAILER] No new leads were found.","level":"info","service":"dfa-populi","timestamp":"2021-05-03 13:00:03"}
{"message":"[AUTO-EMAILER] No new leads were found.","level":"info","service":"dfa-populi","timestamp":"2021-05-03 14:00:03"}
{"message":"[AUTO-EMAILER] Added the following leads: {\n    \"initial\": [\n        {\n            \"id\": \"179381d5b049bc89\",\n            \"content\": {\n                \"firstName\": \"Hassan\",\n                \"lastName\": \"Mostafa\",\n                \"email\": \"hassanmostafa545@gmail.com\",\n                \"phone\": \"01000635811\",\n                \"program\": \"Javascript - Web Development\",\n                \"studentType\": \"International - Need Visa. I can show proof of finances($32,000) later.\",\n                \"aid\": \"Yes\",\n                \"message\": \"\"\n            }\n        }\n    ],\n    \"repeat\": []\n}","level":"info","service":"dfa-populi","timestamp":"2021-05-04 13:00:03"}
{"message":"[AUTO-EMAILER] No new leads were found.","level":"info","service":"dfa-populi","timestamp":"2021-05-04 14:00:02"}
{"message":"[AUTO-EMAILER] No new leads were found.","level":"info","service":"dfa-populi","timestamp":"2021-05-04 15:00:04"}
{"message":"[AUTO-EMAILER] No new leads were found.","level":"info","service":"dfa-populi","timestamp":"2021-05-04 16:00:02"}
{"message":"[AUTO-EMAILER] No new leads were found.","level":"info","service":"dfa-populi","timestamp":"2021-05-04 17:00:03"}
{"message":"[AUTO-EMAILER] No new leads were found.","level":"info","service":"dfa-populi","timestamp":"2021-05-04 18:00:03"}
{"message":"[AUTO-EMAILER] No new leads were found.","level":"info","service":"dfa-populi","timestamp":"2021-05-04 19:00:03"}
{"message":"[AUTO-EMAILER] No new leads were found.","level":"info","service":"dfa-populi","timestamp":"2021-05-04 20:00:03"}
{"message":"[AUTO-EMAILER] No new leads were found.","level":"info","service":"dfa-populi","timestamp":"2021-05-04 21:00:03"}
{"message":"[AUTO-EMAILER] No new leads were found.","level":"info","service":"dfa-populi","timestamp":"2021-05-04 22:00:03"}
{"message":"[AUTO-EMAILER] No new leads were found.","level":"info","service":"dfa-populi","timestamp":"2021-05-04 23:00:47"}
{"message":"[AUTO-EMAILER] No new leads were found.","level":"info","service":"dfa-populi","timestamp":"2021-05-05 00:00:03"}
{"message":"[AUTO-EMAILER] No new leads were found.","level":"info","service":"dfa-populi","timestamp":"2021-05-05 01:00:02"}
{"message":"[AUTO-EMAILER] Added the following leads: {\n    \"initial\": [],\n    \"repeat\": [\n        {\n            \"id\": \"1793aef2d3221f1f\",\n            \"content\": {\n                \"firstName\": \"PhillipprepePC\",\n                \"lastName\": \"Phillipprepe\",\n                \"email\": \"artem.antonov.10.3.1963@mail.ru\",\n                \"phone\": \"43510783802\",\n                \"studentType\": \"\",\n                \"message\": \"\"\n            }\n        }\n    ]\n}","level":"info","service":"dfa-populi","timestamp":"2021-05-05 02:00:02"}
{"message":"[AUTO-EMAILER] No new leads were found.","level":"info","service":"dfa-populi","timestamp":"2021-05-05 03:00:03"}
{"message":"[AUTO-EMAILER] No new leads were found.","level":"info","service":"dfa-populi","timestamp":"2021-05-05 04:00:03"}
{"message":"[AUTO-EMAILER] No new leads were found.","level":"info","service":"dfa-populi","timestamp":"2021-05-05 05:00:03"}
{"message":"[AUTO-EMAILER] No new leads were found.","level":"info","service":"dfa-populi","timestamp":"2021-05-05 06:00:02"}
{"message":"[AUTO-EMAILER] No new leads were found.","level":"info","service":"dfa-populi","timestamp":"2021-05-05 07:00:03"}
{"message":"[AUTO-EMAILER] No new leads were found.","level":"info","service":"dfa-populi","timestamp":"2021-05-05 08:00:02"}
{"message":"[AUTO-EMAILER] No new leads were found.","level":"info","service":"dfa-populi","timestamp":"2021-05-05 09:00:03"}
{"message":"[AUTO-EMAILER] No new leads were found.","level":"info","service":"dfa-populi","timestamp":"2021-05-05 10:00:03"}
{"message":"[AUTO-EMAILER] No new leads were found.","level":"info","service":"dfa-populi","timestamp":"2021-05-17 13:00:02"}
{"message":"[AUTO-EMAILER] No new leads were found.","level":"info","service":"dfa-populi","timestamp":"2021-05-17 14:00:04"}
{"message":"[AUTO-EMAILER] No new leads were found.","level":"info","service":"dfa-populi","timestamp":"2021-05-17 15:00:02"}
{"message":"[AUTO-EMAILER] No new leads were found.","level":"info","service":"dfa-populi","timestamp":"2021-05-17 16:00:03"}
{"message":"[AUTO-EMAILER] No new leads were found.","level":"info","service":"dfa-populi","timestamp":"2021-05-18 11:00:06"}
{"message":"[AUTO-EMAILER] No new leads were found.","level":"info","service":"dfa-populi","timestamp":"2021-05-18 12:00:06"}
{"message":"[AUTO-EMAILER] No new leads were found.","level":"info","service":"dfa-populi","timestamp":"2021-05-19 19:00:03"}
{"message":"[AUTO-EMAILER] No new leads were found.","level":"info","service":"dfa-populi","timestamp":"2021-05-19 20:00:04"}
{"message":"[AUTO-EMAILER] No new leads were found.","level":"info","service":"dfa-populi","timestamp":"2021-05-19 21:00:07"}
{"message":"[AUTO-EMAILER] No new leads were found.","level":"info","service":"dfa-populi","timestamp":"2021-05-19 22:00:03"}
{"message":"[AUTO-EMAILER] No new leads were found.","level":"info","service":"dfa-populi","timestamp":"2021-05-19 23:00:03"}
{"message":"[AUTO-EMAILER] No new leads were found.","level":"info","service":"dfa-populi","timestamp":"2021-05-20 00:00:03"}
{"message":"[AUTO-EMAILER] No new leads were found.","level":"info","service":"dfa-populi","timestamp":"2021-05-20 01:00:03"}
{"message":"[AUTO-EMAILER] No new leads were found.","level":"info","service":"dfa-populi","timestamp":"2021-05-20 11:00:03"}
{"message":"[AUTO-EMAILER] No new leads were found.","level":"info","service":"dfa-populi","timestamp":"2021-05-20 17:00:03"}
{"message":"[AUTO-EMAILER] No new leads were found.","level":"info","service":"dfa-populi","timestamp":"2021-05-20 18:00:03"}
{"message":"[AUTO-EMAILER] No new leads were found.","level":"info","service":"dfa-populi","timestamp":"2021-05-20 19:00:03"}
{"message":"[AUTO-EMAILER] No new leads were found.","level":"info","service":"dfa-populi","timestamp":"2021-05-20 20:00:28"}
{"message":"[AUTO-EMAILER] No new leads were found.","level":"info","service":"dfa-populi","timestamp":"2021-05-20 21:00:02"}
{"message":"[AUTO-EMAILER] No new leads were found.","level":"info","service":"dfa-populi","timestamp":"2021-05-20 22:00:03"}
{"message":"[AUTO-EMAILER] No new leads were found.","level":"info","service":"dfa-populi","timestamp":"2021-05-20 23:00:02"}
{"message":"[AUTO-EMAILER] No new leads were found.","level":"info","service":"dfa-populi","timestamp":"2021-05-21 00:00:02"}
{"message":"[AUTO-EMAILER] No new leads were found.","level":"info","service":"dfa-populi","timestamp":"2021-05-21 01:00:03"}
{"message":"[AUTO-EMAILER] No new leads were found.","level":"info","service":"dfa-populi","timestamp":"2021-05-21 11:00:03"}
{"message":"[AUTO-EMAILER] No new leads were found.","level":"info","service":"dfa-populi","timestamp":"2021-05-21 12:00:03"}
{"message":"[AUTO-EMAILER] No new leads were found.","level":"info","service":"dfa-populi","timestamp":"2021-05-21 18:00:01"}
{"message":"[AUTO-EMAILER] No new leads were found.","level":"info","service":"dfa-populi","timestamp":"2021-05-21 19:00:03"}
{"message":"[AUTO-EMAILER] No new leads were found.","level":"info","service":"dfa-populi","timestamp":"2021-05-21 20:00:02"}
{"message":"[AUTO-EMAILER] No new leads were found.","level":"info","service":"dfa-populi","timestamp":"2021-05-22 16:00:03"}
{"message":"[AUTO-EMAILER] No new leads were found.","level":"info","service":"dfa-populi","timestamp":"2021-05-23 01:00:03"}
{"message":"[AUTO-EMAILER] No new leads were found.","level":"info","service":"dfa-populi","timestamp":"2021-05-23 12:00:02"}
{"message":"[AUTO-EMAILER] Permanently deleting these spam entries: [\n    {\n        \"id\": \"17a9a63318f19ff0\",\n        \"content\": {\n            \"firstName\": \"CharlesAnyncMH\",\n            \"lastName\": \"CharlesAnync\",\n            \"email\": \"darsusubmoi1976@dizaer.ru\",\n            \"phone\": \"53040153824\",\n            \"studentType\": \"\",\n            \"message\": \"\"\n        }\n    },\n    {\n        \"id\": \"17a9978e799a440d\",\n        \"content\": {\n            \"firstName\": \"SicfpRowHE\",\n            \"lastName\": \"SicfpRow\",\n            \"email\": \"revers@o5o5.ru\",\n            \"phone\": \"43547641513\",\n            \"studentType\": \"\",\n            \"message\": \"\"\n        }\n    },\n    {\n        \"id\": \"17a97328082f7e87\",\n        \"content\": {\n            \"firstName\": \"WilliamsnighPL\",\n            \"lastName\": \"Williamsnigh\",\n            \"email\": \"megafork777@gmail.com\",\n            \"phone\": \"25236154628\",\n            \"studentType\": \"\",\n            \"message\": \"\"\n        }\n    },\n    {\n        \"id\": \"17a96ba42eb06f79\",\n        \"content\": {\n            \"firstName\": \"ThelmaBiopyTE\",\n            \"lastName\": \"ThelmaBiopy\",\n            \"email\": \"thelmaTeels@azclip.net\",\n            \"phone\": \"30851876407\",\n            \"studentType\": \"\",\n            \"message\": \"\"\n        }\n    },\n    {\n        \"id\": \"17a94de2e94b6472\",\n        \"content\": {\n            \"firstName\": \"KeshilkMJ\",\n            \"lastName\": \"Keshilk\",\n            \"email\": \"tchirkasa@yandex.ru\",\n            \"phone\": \"52871110404\",\n            \"studentType\": \"\",\n            \"message\": \"\"\n        }\n    },\n    {\n        \"id\": \"17a93db34ef6c327\",\n        \"content\": {\n            \"firstName\": \"RichardSpadsGS\",\n            \"lastName\": \"RichardSpads\",\n            \"email\": \"alekspronin61@gmail.com\",\n            \"phone\": \"07042666081\",\n            \"studentType\": \"\",\n            \"message\": \"\"\n        }\n    },\n    {\n        \"id\": \"17a9228b9337e352\",\n        \"content\": {\n            \"firstName\": \"RichardSpadsGS\",\n            \"lastName\": \"RichardSpads\",\n            \"email\": \"alekspronin61@gmail.com\",\n            \"phone\": \"00085786656\",\n            \"studentType\": \"\",\n            \"message\": \"\"\n        }\n    },\n    {\n        \"id\": \"17a9220dab42ce63\",\n        \"content\": {\n            \"firstName\": \"WilliamPioneAH\",\n            \"lastName\": \"WilliamPione\",\n            \"email\": \"bridevliters1952@dizaer.ru\",\n            \"phone\": \"16434252775\",\n            \"studentType\": \"\",\n            \"message\": \"\"\n        }\n    },\n    {\n        \"id\": \"17a91ea46b22ad88\",\n        \"content\": {\n            \"firstName\": \"RidNemaWreseII\",\n            \"lastName\": \"RidNemaWrese\",\n            \"email\": \"i28@info89.ru\",\n            \"phone\": \"78166584010\",\n            \"studentType\": \"\",\n            \"message\": \"\"\n        }\n    },\n    {\n        \"id\": \"17a91e5f39d75654\",\n        \"content\": {\n            \"firstName\": \"KevinparAW\",\n            \"lastName\": \"Kevinpar\",\n            \"email\": \"perwhiviva1957@dizaer.ru\",\n            \"phone\": \"16117601844\",\n            \"studentType\": \"\",\n            \"message\": \"\"\n        }\n    },\n    {\n        \"id\": \"17a91e3ca5e8a1c0\",\n        \"content\": {\n            \"firstName\": \"GeorgebAidoAB\",\n            \"lastName\": \"GeorgebAido\",\n            \"email\": \"derfclunosad1988@dizaer.ru\",\n            \"phone\": \"50823710232\",\n            \"studentType\": \"\",\n            \"message\": \"\"\n        }\n    },\n    {\n        \"id\": \"17a910ddb947b718\",\n        \"content\": {\n            \"firstName\": \"BrendahixXO\",\n            \"lastName\": \"Brendahix\",\n            \"email\": \"misamovasi917@gmail.com\",\n            \"phone\": \"00852288470\",\n            \"studentType\": \"\",\n            \"message\": \"\"\n        }\n    },\n    {\n        \"id\": \"17a907918519eda5\",\n        \"content\": {\n            \"firstName\": \"NathanaroubEV\",\n            \"lastName\": \"Nathanaroub\",\n            \"email\": \"rkst74342@mail.ru\",\n            \"phone\": \"60656708574\",\n            \"studentType\": \"\",\n            \"message\": \"\"\n        }\n    },\n    {\n        \"id\": \"17a906b9ac0ae347\",\n        \"content\": {\n            \"firstName\": \"VanessaGluroHU\",\n            \"lastName\": \"VanessaGluro\",\n            \"email\": \"vanessaNupjn@nettirautakauppa.com\",\n            \"phone\": \"51711007641\",\n            \"studentType\": \"\",\n            \"message\": \"\"\n        }\n    },\n    {\n        \"id\": \"17a900153f400778\",\n        \"content\": {\n            \"firstName\": \"AaronZetJW\",\n            \"lastName\": \"AaronZet\",\n            \"email\": \"aleksandr4w0bo@mail.ru\",\n            \"phone\": \"02128483820\",\n            \"studentType\": \"\",\n            \"message\": \"\"\n        }\n    },\n    {\n        \"id\": \"17a8eb4e6b94598d\",\n        \"content\": {\n            \"firstName\": \"RichardSpadsGS\",\n            \"lastName\": \"RichardSpads\",\n            \"email\": \"alekspronin61@gmail.com\",\n            \"phone\": \"66477548673\",\n            \"studentType\": \"\",\n            \"message\": \"\"\n        }\n    },\n    {\n        \"id\": \"17a8eace857a834c\",\n        \"content\": {\n            \"firstName\": \"NathanaroubEV\",\n            \"lastName\": \"Nathanaroub\",\n            \"email\": \"rkst74342@mail.ru\",\n            \"phone\": \"65648556802\",\n            \"studentType\": \"\",\n            \"message\": \"\"\n        }\n    },\n    {\n        \"id\": \"17a8ea0d9b40540a\",\n        \"content\": {\n            \"firstName\": \"BetsyAxiowQS\",\n            \"lastName\": \"BetsyAxiow\",\n            \"email\": \"betsyWroro@azclip.net\",\n            \"phone\": \"50768678867\",\n            \"studentType\": \"\",\n            \"message\": \"\"\n        }\n    },\n    {\n        \"id\": \"17a8e88d22491a0d\",\n        \"content\": {\n            \"firstName\": \"AlexPiegoCN\",\n            \"lastName\": \"AlexPiego\",\n            \"email\": \"aleksandr4w0bo@mail.ru\",\n            \"phone\": \"07456246768\",\n            \"studentType\": \"\",\n            \"message\": \"\"\n        }\n    },\n    {\n        \"id\": \"17a8e5af838f87dc\",\n        \"content\": {\n            \"firstName\": \"ChowdTerFU\",\n            \"lastName\": \"ChowdTer\",\n            \"email\": \"ch.ow.dhu.r.yre.hena.6@gmail.com\",\n            \"phone\": \"10603188101\",\n            \"studentType\": \"\",\n            \"message\": \"\"\n        }\n    },\n    {\n        \"id\": \"17a8e05e31143b52\",\n        \"content\": {\n            \"firstName\": \"LerrapagDV\",\n            \"lastName\": \"Lerrapag\",\n            \"email\": \"leraivanova032@gmail.com\",\n            \"phone\": \"36225068181\",\n            \"studentType\": \"\",\n            \"message\": \"\"\n        }\n    },\n    {\n        \"id\": \"17a8d8dee4ba9b63\",\n        \"content\": {\n            \"firstName\": \"NathanaroubEV\",\n            \"lastName\": \"Nathanaroub\",\n            \"email\": \"rkst74342@mail.ru\",\n            \"phone\": \"54315273011\",\n            \"studentType\": \"\",\n            \"message\": \"\"\n        }\n    },\n    {\n        \"id\": \"17a8d3ef9836c394\",\n        \"content\": {\n            \"firstName\": \"DurekPahNM\",\n            \"lastName\": \"DurekPah\",\n            \"email\": \"durekPoria@eseomail.com\",\n            \"phone\": \"41453085363\",\n            \"studentType\": \"\",\n            \"message\": \"\"\n        }\n    },\n    {\n        \"id\": \"17a8d1fb2d05a06e\",\n        \"content\": {\n            \"firstName\": \"RichardSpadsGS\",\n            \"lastName\": \"RichardSpads\",\n            \"email\": \"alekspronin61@gmail.com\",\n            \"phone\": \"83178554446\",\n            \"studentType\": \"\",\n            \"message\": \"\"\n        }\n    }\n]","level":"info","service":"dfa-populi","timestamp":"2021-07-12 10:57:52"}
{"message":"[AUTO-EMAILER] Added the following leads: {\n    \"initial\": [\n        {\n            \"id\": \"17a9833c031d595c\",\n            \"content\": {\n                \"firstName\": \"Jongbin\",\n                \"lastName\": \"Lee\",\n                \"email\": \"jblee90@gmail.com\",\n                \"phone\": \"5165824008\",\n                \"program\": \"Javascript - Web Development\",\n                \"studentType\": \"Veteran - CH-33\",\n                \"aid\": \"Yes\",\n                \"message\": \"\"\n            }\n        },\n        {\n            \"id\": \"17a97908fe17f4fd\",\n            \"content\": {\n                \"firstName\": \"BRISBOIS425PM\",\n                \"lastName\": \"SCAFE699\",\n                \"email\": \"COCCA9927@thebestemailserv467.com\",\n                \"phone\": \"56887555685\",\n                \"studentType\": \"\",\n                \"message\": \"\"\n            }\n        },\n        {\n            \"id\": \"17a9782e7e6e3ad9\",\n            \"content\": {\n                \"firstName\": \"loudsetCS\",\n                \"lastName\": \"loudset\",\n                \"email\": \"svidinfo1980@gmail.com\",\n                \"phone\": \"27036343432\",\n                \"studentType\": \"\",\n                \"message\": \"\"\n            }\n        },\n        {\n            \"id\": \"17a91551c85faf91\",\n            \"content\": {\n                \"firstName\": \"Raven\",\n                \"lastName\": \"Garcia\",\n                \"email\": \"ravengarcia95@gmail.com\",\n                \"phone\": \"2514477560\",\n                \"program\": \"Python - Web/Data Development\",\n                \"studentType\": \"Veteran - CH-31\",\n                \"aid\": \"Not Selected\",\n                \"message\": \"\"\n            }\n        }\n    ],\n    \"repeat\": []\n}","level":"info","service":"dfa-populi","timestamp":"2021-07-12 10:57:56"}
{"message":"[AUTO-EMAILER] Cannot auto-email because the user is not logged in","level":"info","service":"dfa-populi","timestamp":"2021-08-10 15:00:00"}
{"message":"[AUTO-EMAILER] No new leads were found.","level":"info","service":"dfa-populi","timestamp":"2021-08-10 15:00:01"}
{"message":"[AUTO-EMAILER] Cannot auto-email because the user is not logged in","level":"info","service":"dfa-populi","timestamp":"2021-08-10 16:00:00"}
{"message":"[AUTO-EMAILER] No new leads were found.","level":"info","service":"dfa-populi","timestamp":"2021-08-10 16:00:03"}
{"message":"[AUTO-EMAILER] Cannot auto-email because the user is not logged in","level":"info","service":"dfa-populi","timestamp":"2021-08-10 17:00:00"}
{"message":"[AUTO-EMAILER] No new leads were found.","level":"info","service":"dfa-populi","timestamp":"2021-08-10 17:00:01"}
{"message":"[AUTO-EMAILER] Cannot auto-email because the user is not logged in","level":"info","service":"dfa-populi","timestamp":"2021-08-10 18:00:00"}
{"message":"[AUTO-EMAILER] No new leads were found.","level":"info","service":"dfa-populi","timestamp":"2021-08-10 18:00:02"}
{"message":"[AUTO-EMAILER] Cannot auto-email because the user is not logged in","level":"info","service":"dfa-populi","timestamp":"2021-08-10 19:00:00"}
{"message":"[AUTO-EMAILER] No new leads were found.","level":"info","service":"dfa-populi","timestamp":"2021-08-10 19:00:02"}
{"message":"[AUTO-EMAILER] Cannot auto-email because the user is not logged in","level":"info","service":"dfa-populi","timestamp":"2021-08-10 20:00:00"}
{"message":"[AUTO-EMAILER] No new leads were found.","level":"info","service":"dfa-populi","timestamp":"2021-08-10 20:00:02"}
{"message":"[AUTO-EMAILER] Cannot auto-email because the user is not logged in","level":"info","service":"dfa-populi","timestamp":"2021-08-10 21:00:00"}
{"message":"[AUTO-EMAILER] No new leads were found.","level":"info","service":"dfa-populi","timestamp":"2021-08-10 21:00:02"}
{"message":"[AUTO-EMAILER] Cannot auto-email because the user is not logged in","level":"info","service":"dfa-populi","timestamp":"2021-08-10 22:00:00"}
{"message":"[AUTO-EMAILER] No new leads were found.","level":"info","service":"dfa-populi","timestamp":"2021-08-10 22:00:03"}
{"message":"[AUTO-EMAILER] Cannot auto-email because the user is not logged in","level":"info","service":"dfa-populi","timestamp":"2021-08-10 23:00:00"}
{"message":"[AUTO-EMAILER] No new leads were found.","level":"info","service":"dfa-populi","timestamp":"2021-08-10 23:00:03"}
{"message":"[AUTO-EMAILER] Cannot auto-email because the user is not logged in","level":"info","service":"dfa-populi","timestamp":"2021-08-11 00:00:00"}
{"message":"[AUTO-EMAILER] No new leads were found.","level":"info","service":"dfa-populi","timestamp":"2021-08-11 00:00:02"}
{"message":"[AUTO-EMAILER] Cannot auto-email because the user is not logged in","level":"info","service":"dfa-populi","timestamp":"2021-08-11 10:00:00"}
{"message":"[AUTO-EMAILER] No new leads were found.","level":"info","service":"dfa-populi","timestamp":"2021-08-11 10:00:04"}
{"message":"[AUTO-EMAILER] Cannot auto-email because the user is not logged in","level":"info","service":"dfa-populi","timestamp":"2021-08-11 11:00:00"}
{"message":"[AUTO-EMAILER] No new leads were found.","level":"info","service":"dfa-populi","timestamp":"2021-08-11 11:00:01"}
